# JRE version: OpenJDK Runtime Environment Temurin-21.0.8+9 (21.0.8+9) (build 21.0.8+9-LTS)
# Java VM: OpenJDK 64-Bit Server VM Temurin-21.0.8+9 (21.0.8+9-LTS, mixed mode, sharing, tiered, compressed oops, compressed class ptrs, parallel gc, windows-amd64)
GC Precious Log:
 CardTable entry size: 512
 CPUs: 12 total, 12 available
 Memory: 16104M
 Large Page Support: Disabled
 NUMA Support: Disabled
 Compressed Oops: Enabled (32-bit)
 Alignments: Space 512K, Generation 512K, Heap 2M
 Heap Min Capacity: 100M
 Heap Initial Capacity: 100M
 Heap Max Capacity: 2G
 Pre-touch: Disabled
 Parallel Workers: 10
Heap:
 PSYoungGen      total 11264K, used 5531K [0x00000000d5580000, 0x00000000d6500000, 0x0000000100000000)
  eden space 10752K, 51% used [0x00000000d5580000,0x00000000d5ae6d20,0x00000000d6000000)
  from space 512K, 0% used [0x00000000d6480000,0x00000000d6480000,0x00000000d6500000)
  to   space 1536K, 0% used [0x00000000d6200000,0x00000000d6200000,0x00000000d6380000)
 ParOldGen       total 262656K, used 71057K [0x0000000080000000, 0x0000000090080000, 0x00000000d5580000)
  object space 262656K, 27% used [0x0000000080000000,0x0000000084564748,0x0000000090080000)
 Metaspace       used 59150K, committed 60544K, reserved 1114112K
  class space    used 6317K, committed 6912K, reserved 1048576K
GC Heap History (20 events):
Event: 76.561 GC heap before
{Heap before GC invocations=462 (full 2):
 PSYoungGen      total 14848K, used 14393K [0x00000000d5580000, 0x00000000d6600000, 0x0000000100000000)
  eden space 13312K, 100% used [0x00000000d5580000,0x00000000d6280000,0x00000000d6280000)
  from space 1536K, 70% used [0x00000000d6380000,0x00000000d648e510,0x00000000d6500000)
  to   space 1024K, 0% used [0x00000000d6500000,0x00000000d6500000,0x00000000d6600000)
 ParOldGen       total 245760K, used 245484K [0x0000000080000000, 0x000000008f000000, 0x00000000d5580000)
  object space 245760K, 99% used [0x0000000080000000,0x000000008efbb0a8,0x000000008f000000)
 Metaspace       used 57961K, committed 59456K, reserved 1114112K
  class space    used 6217K, committed 6848K, reserved 1048576K
}
Event: 76.563 GC heap after
{Heap after GC invocations=462 (full 2):
 PSYoungGen      total 14336K, used 719K [0x00000000d5580000, 0x00000000d6600000, 0x0000000100000000)
  eden space 13312K, 0% used [0x00000000d5580000,0x00000000d5580000,0x00000000d6280000)
  from space 1024K, 70% used [0x00000000d6500000,0x00000000d65b3f30,0x00000000d6600000)
  to   space 1024K, 0% used [0x00000000d6400000,0x00000000d6400000,0x00000000d6500000)
 ParOldGen       total 245760K, used 245628K [0x0000000080000000, 0x000000008f000000, 0x00000000d5580000)
  object space 245760K, 99% used [0x0000000080000000,0x000000008efdf0a8,0x000000008f000000)
 Metaspace       used 57961K, committed 59456K, reserved 1114112K
  class space    used 6217K, committed 6848K, reserved 1048576K
}
Event: 76.573 GC heap before
{Heap before GC invocations=463 (full 2):
 PSYoungGen      total 14336K, used 14031K [0x00000000d5580000, 0x00000000d6600000, 0x0000000100000000)
  eden space 13312K, 100% used [0x00000000d5580000,0x00000000d6280000,0x00000000d6280000)
  from space 1024K, 70% used [0x00000000d6500000,0x00000000d65b3f30,0x00000000d6600000)
  to   space 1024K, 0% used [0x00000000d6400000,0x00000000d6400000,0x00000000d6500000)
 ParOldGen       total 245760K, used 245628K [0x0000000080000000, 0x000000008f000000, 0x00000000d5580000)
  object space 245760K, 99% used [0x0000000080000000,0x000000008efdf0a8,0x000000008f000000)
 Metaspace       used 57966K, committed 59456K, reserved 1114112K
  class space    used 6217K, committed 6848K, reserved 1048576K
}
Event: 76.575 GC heap after
{Heap after GC invocations=463 (full 2):
 PSYoungGen      total 14336K, used 523K [0x00000000d5580000, 0x00000000d6580000, 0x0000000100000000)
  eden space 13312K, 0% used [0x00000000d5580000,0x00000000d5580000,0x00000000d6280000)
  from space 1024K, 51% used [0x00000000d6400000,0x00000000d6482e18,0x00000000d6500000)
  to   space 512K, 0% used [0x00000000d6500000,0x00000000d6500000,0x00000000d6580000)
 ParOldGen       total 246272K, used 245915K [0x0000000080000000, 0x000000008f080000, 0x00000000d5580000)
  object space 246272K, 99% used [0x0000000080000000,0x000000008f026ee8,0x000000008f080000)
 Metaspace       used 57966K, committed 59456K, reserved 1114112K
  class space    used 6217K, committed 6848K, reserved 1048576K
}
Event: 76.593 GC heap before
{Heap before GC invocations=464 (full 2):
 PSYoungGen      total 14336K, used 13835K [0x00000000d5580000, 0x00000000d6580000, 0x0000000100000000)
  eden space 13312K, 99% used [0x00000000d5580000,0x00000000d627fff0,0x00000000d6280000)
  from space 1024K, 51% used [0x00000000d6400000,0x00000000d6482e18,0x00000000d6500000)
  to   space 512K, 0% used [0x00000000d6500000,0x00000000d6500000,0x00000000d6580000)
 ParOldGen       total 246272K, used 245915K [0x0000000080000000, 0x000000008f080000, 0x00000000d5580000)
  object space 246272K, 99% used [0x0000000080000000,0x000000008f026ee8,0x000000008f080000)
 Metaspace       used 57970K, committed 59456K, reserved 1114112K
  class space    used 6217K, committed 6848K, reserved 1048576K
}
Event: 76.598 GC heap after
{Heap after GC invocations=464 (full 2):
 PSYoungGen      total 13824K, used 512K [0x00000000d5580000, 0x00000000d6680000, 0x0000000100000000)
  eden space 13312K, 0% used [0x00000000d5580000,0x00000000d5580000,0x00000000d6280000)
  from space 512K, 100% used [0x00000000d6500000,0x00000000d6580000,0x00000000d6580000)
  to   space 2048K, 0% used [0x00000000d6280000,0x00000000d6280000,0x00000000d6480000)
 ParOldGen       total 247296K, used 247104K [0x0000000080000000, 0x000000008f180000, 0x00000000d5580000)
  object space 247296K, 99% used [0x0000000080000000,0x000000008f150298,0x000000008f180000)
 Metaspace       used 57970K, committed 59456K, reserved 1114112K
  class space    used 6217K, committed 6848K, reserved 1048576K
}
Event: 76.624 GC heap before
{Heap before GC invocations=465 (full 2):
 PSYoungGen      total 13824K, used 13824K [0x00000000d5580000, 0x00000000d6680000, 0x0000000100000000)
  eden space 13312K, 100% used [0x00000000d5580000,0x00000000d6280000,0x00000000d6280000)
  from space 512K, 100% used [0x00000000d6500000,0x00000000d6580000,0x00000000d6580000)
  to   space 2048K, 0% used [0x00000000d6280000,0x00000000d6280000,0x00000000d6480000)
 ParOldGen       total 247296K, used 247104K [0x0000000080000000, 0x000000008f180000, 0x00000000d5580000)
  object space 247296K, 99% used [0x0000000080000000,0x000000008f150298,0x000000008f180000)
 Metaspace       used 57976K, committed 59456K, reserved 1114112K
  class space    used 6217K, committed 6848K, reserved 1048576K
}
Event: 76.631 GC heap after
{Heap after GC invocations=465 (full 2):
 PSYoungGen      total 15360K, used 2019K [0x00000000d5580000, 0x00000000d6d80000, 0x0000000100000000)
  eden space 13312K, 0% used [0x00000000d5580000,0x00000000d5580000,0x00000000d6280000)
  from space 2048K, 98% used [0x00000000d6280000,0x00000000d6478e70,0x00000000d6480000)
  to   space 5632K, 0% used [0x00000000d6800000,0x00000000d6800000,0x00000000d6d80000)
 ParOldGen       total 250368K, used 249924K [0x0000000080000000, 0x000000008f480000, 0x00000000d5580000)
  object space 250368K, 99% used [0x0000000080000000,0x000000008f411240,0x000000008f480000)
 Metaspace       used 57976K, committed 59456K, reserved 1114112K
  class space    used 6217K, committed 6848K, reserved 1048576K
}
Event: 76.662 GC heap before
{Heap before GC invocations=466 (full 2):
 PSYoungGen      total 15360K, used 15331K [0x00000000d5580000, 0x00000000d6d80000, 0x0000000100000000)
  eden space 13312K, 100% used [0x00000000d5580000,0x00000000d6280000,0x00000000d6280000)
  from space 2048K, 98% used [0x00000000d6280000,0x00000000d6478e70,0x00000000d6480000)
  to   space 5632K, 0% used [0x00000000d6800000,0x00000000d6800000,0x00000000d6d80000)
 ParOldGen       total 250368K, used 249924K [0x0000000080000000, 0x000000008f480000, 0x00000000d5580000)
  object space 250368K, 99% used [0x0000000080000000,0x000000008f411240,0x000000008f480000)
 Metaspace       used 57979K, committed 59456K, reserved 1114112K
  class space    used 6217K, committed 6848K, reserved 1048576K
}
Event: 76.671 GC heap after
{Heap after GC invocations=466 (full 2):
 PSYoungGen      total 17920K, used 4494K [0x00000000d5580000, 0x00000000d6c80000, 0x0000000100000000)
  eden space 13312K, 0% used [0x00000000d5580000,0x00000000d5580000,0x00000000d6280000)
  from space 4608K, 97% used [0x00000000d6800000,0x00000000d6c63af0,0x00000000d6c80000)
  to   space 4608K, 0% used [0x00000000d6380000,0x00000000d6380000,0x00000000d6800000)
 ParOldGen       total 252416K, used 251920K [0x0000000080000000, 0x000000008f680000, 0x00000000d5580000)
  object space 252416K, 99% used [0x0000000080000000,0x000000008f604090,0x000000008f680000)
 Metaspace       used 57979K, committed 59456K, reserved 1114112K
  class space    used 6217K, committed 6848K, reserved 1048576K
}
Event: 76.701 GC heap before
{Heap before GC invocations=467 (full 2):
 PSYoungGen      total 17920K, used 17806K [0x00000000d5580000, 0x00000000d6c80000, 0x0000000100000000)
  eden space 13312K, 100% used [0x00000000d5580000,0x00000000d6280000,0x00000000d6280000)
  from space 4608K, 97% used [0x00000000d6800000,0x00000000d6c63af0,0x00000000d6c80000)
  to   space 4608K, 0% used [0x00000000d6380000,0x00000000d6380000,0x00000000d6800000)
 ParOldGen       total 252416K, used 251920K [0x0000000080000000, 0x000000008f680000, 0x00000000d5580000)
  object space 252416K, 99% used [0x0000000080000000,0x000000008f604090,0x000000008f680000)
 Metaspace       used 57979K, committed 59456K, reserved 1114112K
  class space    used 6217K, committed 6848K, reserved 1048576K
}
Event: 76.710 GC heap after
{Heap after GC invocations=467 (full 2):
 PSYoungGen      total 17920K, used 4470K [0x00000000d5580000, 0x00000000d6b80000, 0x0000000100000000)
  eden space 13312K, 0% used [0x00000000d5580000,0x00000000d5580000,0x00000000d6280000)
  from space 4608K, 97% used [0x00000000d6380000,0x00000000d67dda70,0x00000000d6800000)
  to   space 3584K, 0% used [0x00000000d6800000,0x00000000d6800000,0x00000000d6b80000)
 ParOldGen       total 255488K, used 255368K [0x0000000080000000, 0x000000008f980000, 0x00000000d5580000)
  object space 255488K, 99% used [0x0000000080000000,0x000000008f9620d0,0x000000008f980000)
 Metaspace       used 57979K, committed 59456K, reserved 1114112K
  class space    used 6217K, committed 6848K, reserved 1048576K
}
Event: 76.733 GC heap before
{Heap before GC invocations=468 (full 2):
 PSYoungGen      total 17920K, used 17782K [0x00000000d5580000, 0x00000000d6b80000, 0x0000000100000000)
  eden space 13312K, 100% used [0x00000000d5580000,0x00000000d6280000,0x00000000d6280000)
  from space 4608K, 97% used [0x00000000d6380000,0x00000000d67dda70,0x00000000d6800000)
  to   space 3584K, 0% used [0x00000000d6800000,0x00000000d6800000,0x00000000d6b80000)
 ParOldGen       total 255488K, used 255368K [0x0000000080000000, 0x000000008f980000, 0x00000000d5580000)
  object space 255488K, 99% used [0x0000000080000000,0x000000008f9620d0,0x000000008f980000)
 Metaspace       used 57982K, committed 59456K, reserved 1114112K
  class space    used 6217K, committed 6848K, reserved 1048576K
}
Event: 76.742 GC heap after
{Heap after GC invocations=468 (full 2):
 PSYoungGen      total 14336K, used 3561K [0x00000000d5580000, 0x00000000d7580000, 0x0000000100000000)
  eden space 10752K, 0% used [0x00000000d5580000,0x00000000d5580000,0x00000000d6000000)
  from space 3584K, 99% used [0x00000000d6800000,0x00000000d6b7a7a8,0x00000000d6b80000)
  to   space 8192K, 0% used [0x00000000d6000000,0x00000000d6000000,0x00000000d6800000)
 ParOldGen       total 259584K, used 259269K [0x0000000080000000, 0x000000008fd80000, 0x00000000d5580000)
  object space 259584K, 99% used [0x0000000080000000,0x000000008fd31620,0x000000008fd80000)
 Metaspace       used 57982K, committed 59456K, reserved 1114112K
  class space    used 6217K, committed 6848K, reserved 1048576K
}
Event: 76.778 GC heap before
{Heap before GC invocations=469 (full 2):
 PSYoungGen      total 14336K, used 14313K [0x00000000d5580000, 0x00000000d7580000, 0x0000000100000000)
  eden space 10752K, 99% used [0x00000000d5580000,0x00000000d5ffffd8,0x00000000d6000000)
  from space 3584K, 99% used [0x00000000d6800000,0x00000000d6b7a7a8,0x00000000d6b80000)
  to   space 8192K, 0% used [0x00000000d6000000,0x00000000d6000000,0x00000000d6800000)
 ParOldGen       total 259584K, used 259269K [0x0000000080000000, 0x000000008fd80000, 0x00000000d5580000)
  object space 259584K, 99% used [0x0000000080000000,0x000000008fd31620,0x000000008fd80000)
 Metaspace       used 57986K, committed 59456K, reserved 1114112K
  class space    used 6217K, committed 6848K, reserved 1048576K
}
Event: 76.785 GC heap after
{Heap after GC invocations=469 (full 2):
 PSYoungGen      total 12288K, used 1490K [0x00000000d5580000, 0x00000000d6880000, 0x0000000100000000)
  eden space 10752K, 0% used [0x00000000d5580000,0x00000000d5580000,0x00000000d6000000)
  from space 1536K, 97% used [0x00000000d6000000,0x00000000d6174b90,0x00000000d6180000)
  to   space 4096K, 0% used [0x00000000d6480000,0x00000000d6480000,0x00000000d6880000)
 ParOldGen       total 262144K, used 261849K [0x0000000080000000, 0x0000000090000000, 0x00000000d5580000)
  object space 262144K, 99% used [0x0000000080000000,0x000000008ffb65e8,0x0000000090000000)
 Metaspace       used 57986K, committed 59456K, reserved 1114112K
  class space    used 6217K, committed 6848K, reserved 1048576K
}
Event: 76.879 GC heap before
{Heap before GC invocations=470 (full 2):
 PSYoungGen      total 12288K, used 6402K [0x00000000d5580000, 0x00000000d6880000, 0x0000000100000000)
  eden space 10752K, 45% used [0x00000000d5580000,0x00000000d5a4bd90,0x00000000d6000000)
  from space 1536K, 97% used [0x00000000d6000000,0x00000000d6174b90,0x00000000d6180000)
  to   space 4096K, 0% used [0x00000000d6480000,0x00000000d6480000,0x00000000d6880000)
 ParOldGen       total 262144K, used 261849K [0x0000000080000000, 0x0000000090000000, 0x00000000d5580000)
  object space 262144K, 99% used [0x0000000080000000,0x000000008ffb65e8,0x0000000090000000)
 Metaspace       used 58363K, committed 59776K, reserved 1114112K
  class space    used 6245K, committed 6848K, reserved 1048576K
}
Event: 76.882 GC heap after
{Heap after GC invocations=470 (full 2):
 PSYoungGen      total 11264K, used 192K [0x00000000d5580000, 0x00000000d6500000, 0x0000000100000000)
  eden space 10752K, 0% used [0x00000000d5580000,0x00000000d5580000,0x00000000d6000000)
  from space 512K, 37% used [0x00000000d6480000,0x00000000d64b0000,0x00000000d6500000)
  to   space 1536K, 0% used [0x00000000d6200000,0x00000000d6200000,0x00000000d6380000)
 ParOldGen       total 262656K, used 262273K [0x0000000080000000, 0x0000000090080000, 0x00000000d5580000)
  object space 262656K, 99% used [0x0000000080000000,0x00000000900205e8,0x0000000090080000)
 Metaspace       used 58363K, committed 59776K, reserved 1114112K
  class space    used 6245K, committed 6848K, reserved 1048576K
}
Event: 76.882 GC heap before
{Heap before GC invocations=471 (full 3):
 PSYoungGen      total 11264K, used 192K [0x00000000d5580000, 0x00000000d6500000, 0x0000000100000000)
  eden space 10752K, 0% used [0x00000000d5580000,0x00000000d5580000,0x00000000d6000000)
  from space 512K, 37% used [0x00000000d6480000,0x00000000d64b0000,0x00000000d6500000)
  to   space 1536K, 0% used [0x00000000d6200000,0x00000000d6200000,0x00000000d6380000)
 ParOldGen       total 262656K, used 262273K [0x0000000080000000, 0x0000000090080000, 0x00000000d5580000)
  object space 262656K, 99% used [0x0000000080000000,0x00000000900205e8,0x0000000090080000)
 Metaspace       used 58363K, committed 59776K, reserved 1114112K
  class space    used 6245K, committed 6848K, reserved 1048576K
}
Event: 77.140 GC heap after
{Heap after GC invocations=471 (full 3):
 PSYoungGen      total 11264K, used 0K [0x00000000d5580000, 0x00000000d6500000, 0x0000000100000000)
  eden space 10752K, 0% used [0x00000000d5580000,0x00000000d5580000,0x00000000d6000000)
  from space 512K, 0% used [0x00000000d6480000,0x00000000d6480000,0x00000000d6500000)
  to   space 1536K, 0% used [0x00000000d6200000,0x00000000d6200000,0x00000000d6380000)
 ParOldGen       total 262656K, used 71057K [0x0000000080000000, 0x0000000090080000, 0x00000000d5580000)
  object space 262656K, 27% used [0x0000000080000000,0x0000000084564748,0x0000000090080000)
 Metaspace       used 58311K, committed 59776K, reserved 1114112K
  class space    used 6230K, committed 6848K, reserved 1048576K
}

