# JRE version: OpenJDK Runtime Environment Temurin-21.0.8+9 (21.0.8+9) (build 21.0.8+9-LTS)
# Java VM: OpenJDK 64-Bit Server VM Temurin-21.0.8+9 (21.0.8+9-LTS, mixed mode, sharing, tiered, compressed oops, compressed class ptrs, g1 gc, windows-amd64)
GC Precious Log:
 CardTable entry size: 512
 Card Set container configuration: InlinePtr #cards 5 size 8 Array Of Cards #cards 12 size 40 Howl #buckets 4 coarsen threshold 1843 Howl Bitmap #cards 512 size 80 coarsen threshold 460 Card regions per heap region 1 cards per card region 2048
 CPUs: 12 total, 12 available
 Memory: 16104M
 Large Page Support: Disabled
 NUMA Support: Disabled
 Compressed Oops: Enabled (32-bit)
 Heap Region Size: 1M
 Heap Min Capacity: 256M
 Heap Initial Capacity: 256M
 Heap Max Capacity: 512M
 Pre-touch: Disabled
 Parallel Workers: 10
 Concurrent Workers: 3
 Concurrent Refinement Workers: 10
 Periodic GC: Disabled
Heap:
 garbage-first heap   total 262144K, used 88910K [0x00000000e0000000, 0x0000000100000000)
  region size 1024K, 57 young (58368K), 15 survivors (15360K)
 Metaspace       used 60821K, committed 62848K, reserved 393216K
  class space    used 8919K, committed 9920K, reserved 327680K
GC Heap History (14 events):
Event: 0.245 GC heap before
{Heap before GC invocations=0 (full 0):
 garbage-first heap   total 262144K, used 22528K [0x00000000e0000000, 0x0000000100000000)
  region size 1024K, 23 young (23552K), 0 survivors (0K)
 Metaspace       used 917K, committed 1024K, reserved 393216K
  class space    used 72K, committed 128K, reserved 327680K
}
Event: 0.247 GC heap after
{Heap after GC invocations=1 (full 0):
 garbage-first heap   total 262144K, used 1610K [0x00000000e0000000, 0x0000000100000000)
  region size 1024K, 2 young (2048K), 2 survivors (2048K)
 Metaspace       used 917K, committed 1024K, reserved 393216K
  class space    used 72K, committed 128K, reserved 327680K
}
Event: 0.718 GC heap before
{Heap before GC invocations=1 (full 0):
 garbage-first heap   total 262144K, used 40522K [0x00000000e0000000, 0x0000000100000000)
  region size 1024K, 38 young (38912K), 2 survivors (2048K)
 Metaspace       used 4390K, committed 4544K, reserved 393216K
  class space    used 554K, committed 640K, reserved 327680K
}
Event: 0.722 GC heap after
{Heap after GC invocations=2 (full 0):
 garbage-first heap   total 262144K, used 10940K [0x00000000e0000000, 0x0000000100000000)
  region size 1024K, 5 young (5120K), 5 survivors (5120K)
 Metaspace       used 4390K, committed 4544K, reserved 393216K
  class space    used 554K, committed 640K, reserved 327680K
}
Event: 1.214 GC heap before
{Heap before GC invocations=2 (full 0):
 garbage-first heap   total 262144K, used 75452K [0x00000000e0000000, 0x0000000100000000)
  region size 1024K, 66 young (67584K), 5 survivors (5120K)
 Metaspace       used 8115K, committed 8384K, reserved 393216K
  class space    used 1098K, committed 1216K, reserved 327680K
}
Event: 1.219 GC heap after
{Heap after GC invocations=3 (full 0):
 garbage-first heap   total 262144K, used 18243K [0x00000000e0000000, 0x0000000100000000)
  region size 1024K, 9 young (9216K), 9 survivors (9216K)
 Metaspace       used 8115K, committed 8384K, reserved 393216K
  class space    used 1098K, committed 1216K, reserved 327680K
}
Event: 2.756 GC heap before
{Heap before GC invocations=3 (full 0):
 garbage-first heap   total 262144K, used 99139K [0x00000000e0000000, 0x0000000100000000)
  region size 1024K, 89 young (91136K), 9 survivors (9216K)
 Metaspace       used 20869K, committed 21504K, reserved 393216K
  class space    used 3056K, committed 3328K, reserved 327680K
}
Event: 2.769 GC heap after
{Heap after GC invocations=4 (full 0):
 garbage-first heap   total 262144K, used 24123K [0x00000000e0000000, 0x0000000100000000)
  region size 1024K, 15 young (15360K), 15 survivors (15360K)
 Metaspace       used 20869K, committed 21504K, reserved 393216K
  class space    used 3056K, committed 3328K, reserved 327680K
}
Event: 4.497 GC heap before
{Heap before GC invocations=5 (full 0):
 garbage-first heap   total 262144K, used 151099K [0x00000000e0000000, 0x0000000100000000)
  region size 1024K, 139 young (142336K), 15 survivors (15360K)
 Metaspace       used 34955K, committed 35968K, reserved 393216K
  class space    used 4867K, committed 5376K, reserved 327680K
}
Event: 4.515 GC heap after
{Heap after GC invocations=6 (full 0):
 garbage-first heap   total 262144K, used 33428K [0x00000000e0000000, 0x0000000100000000)
  region size 1024K, 15 young (15360K), 15 survivors (15360K)
 Metaspace       used 34955K, committed 35968K, reserved 393216K
  class space    used 4867K, committed 5376K, reserved 327680K
}
Event: 6.956 GC heap before
{Heap before GC invocations=7 (full 0):
 garbage-first heap   total 262144K, used 174740K [0x00000000e0000000, 0x0000000100000000)
  region size 1024K, 153 young (156672K), 15 survivors (15360K)
 Metaspace       used 49019K, committed 50688K, reserved 393216K
  class space    used 7178K, committed 8000K, reserved 327680K
}
Event: 6.975 GC heap after
{Heap after GC invocations=8 (full 0):
 garbage-first heap   total 262144K, used 40015K [0x00000000e0000000, 0x0000000100000000)
  region size 1024K, 16 young (16384K), 16 survivors (16384K)
 Metaspace       used 49019K, committed 50688K, reserved 393216K
  class space    used 7178K, committed 8000K, reserved 327680K
}
Event: 8.831 GC heap before
{Heap before GC invocations=8 (full 0):
 garbage-first heap   total 262144K, used 128079K [0x00000000e0000000, 0x0000000100000000)
  region size 1024K, 104 young (106496K), 16 survivors (16384K)
 Metaspace       used 58211K, committed 60096K, reserved 393216K
  class space    used 8515K, committed 9472K, reserved 327680K
}
Event: 8.845 GC heap after
{Heap after GC invocations=9 (full 0):
 garbage-first heap   total 262144K, used 46926K [0x00000000e0000000, 0x0000000100000000)
  region size 1024K, 15 young (15360K), 15 survivors (15360K)
 Metaspace       used 58211K, committed 60096K, reserved 393216K
  class space    used 8515K, committed 9472K, reserved 327680K
}

