# JRE version: OpenJDK Runtime Environment Temurin-21.0.8+9 (21.0.8+9) (build 21.0.8+9-LTS)
# Java VM: OpenJDK 64-Bit Server VM Temurin-21.0.8+9 (21.0.8+9-LTS, mixed mode, sharing, tiered, compressed oops, compressed class ptrs, parallel gc, windows-amd64)
GC Precious Log:
 CardTable entry size: 512
 CPUs: 12 total, 12 available
 Memory: 16104M
 Large Page Support: Disabled
 NUMA Support: Disabled
 Compressed Oops: Enabled (32-bit)
 Alignments: Space 512K, Generation 512K, Heap 2M
 Heap Min Capacity: 100M
 Heap Initial Capacity: 100M
 Heap Max Capacity: 2G
 Pre-touch: Disabled
 Parallel Workers: 10
Heap:
 PSYoungGen      total 13824K, used 5094K [0x00000000d5580000, 0x00000000d6c00000, 0x0000000100000000)
  eden space 10752K, 20% used [0x00000000d5580000,0x00000000d579a018,0x00000000d6000000)
  from space 3072K, 95% used [0x00000000d6900000,0x00000000d6bdf8d0,0x00000000d6c00000)
  to   space 5120K, 0% used [0x00000000d6200000,0x00000000d6200000,0x00000000d6700000)
 ParOldGen       total 182784K, used 182733K [0x0000000080000000, 0x000000008b280000, 0x00000000d5580000)
  object space 182784K, 99% used [0x0000000080000000,0x000000008b2734b0,0x000000008b280000)
 Metaspace       used 59100K, committed 60416K, reserved 1114112K
  class space    used 6331K, committed 6912K, reserved 1048576K
GC Heap History (20 events):
Event: 61.577 GC heap before
{Heap before GC invocations=384 (full 3):
 PSYoungGen      total 12288K, used 12123K [0x00000000d5580000, 0x00000000d6700000, 0x0000000100000000)
  eden space 8704K, 100% used [0x00000000d5580000,0x00000000d5e00000,0x00000000d5e00000)
  from space 3584K, 95% used [0x00000000d6180000,0x00000000d64d6c00,0x00000000d6500000)
  to   space 3584K, 0% used [0x00000000d5e00000,0x00000000d5e00000,0x00000000d6180000)
 ParOldGen       total 166912K, used 166903K [0x0000000080000000, 0x000000008a300000, 0x00000000d5580000)
  object space 166912K, 99% used [0x0000000080000000,0x000000008a2fdf68,0x000000008a300000)
 Metaspace       used 59067K, committed 60416K, reserved 1114112K
  class space    used 6331K, committed 6912K, reserved 1048576K
}
Event: 61.584 GC heap after
{Heap after GC invocations=384 (full 3):
 PSYoungGen      total 12288K, used 741K [0x00000000d5580000, 0x00000000d6400000, 0x0000000100000000)
  eden space 8704K, 0% used [0x00000000d5580000,0x00000000d5580000,0x00000000d5e00000)
  from space 3584K, 20% used [0x00000000d5e00000,0x00000000d5eb97b8,0x00000000d6180000)
  to   space 2048K, 0% used [0x00000000d6200000,0x00000000d6200000,0x00000000d6400000)
 ParOldGen       total 169984K, used 169769K [0x0000000080000000, 0x000000008a600000, 0x00000000d5580000)
  object space 169984K, 99% used [0x0000000080000000,0x000000008a5ca600,0x000000008a600000)
 Metaspace       used 59067K, committed 60416K, reserved 1114112K
  class space    used 6331K, committed 6912K, reserved 1048576K
}
Event: 61.599 GC heap before
{Heap before GC invocations=385 (full 3):
 PSYoungGen      total 12288K, used 9445K [0x00000000d5580000, 0x00000000d6400000, 0x0000000100000000)
  eden space 8704K, 100% used [0x00000000d5580000,0x00000000d5e00000,0x00000000d5e00000)
  from space 3584K, 20% used [0x00000000d5e00000,0x00000000d5eb97b8,0x00000000d6180000)
  to   space 2048K, 0% used [0x00000000d6200000,0x00000000d6200000,0x00000000d6400000)
 ParOldGen       total 169984K, used 169771K [0x0000000080000000, 0x000000008a600000, 0x00000000d5580000)
  object space 169984K, 99% used [0x0000000080000000,0x000000008a5caf10,0x000000008a600000)
 Metaspace       used 59069K, committed 60416K, reserved 1114112K
  class space    used 6331K, committed 6912K, reserved 1048576K
}
Event: 61.605 GC heap after
{Heap after GC invocations=385 (full 3):
 PSYoungGen      total 11776K, used 865K [0x00000000d5580000, 0x00000000d6300000, 0x0000000100000000)
  eden space 10752K, 0% used [0x00000000d5580000,0x00000000d5580000,0x00000000d6000000)
  from space 1024K, 84% used [0x00000000d6200000,0x00000000d62d8578,0x00000000d6300000)
  to   space 1024K, 0% used [0x00000000d6100000,0x00000000d6100000,0x00000000d6200000)
 ParOldGen       total 170496K, used 170234K [0x0000000080000000, 0x000000008a680000, 0x00000000d5580000)
  object space 170496K, 99% used [0x0000000080000000,0x000000008a63ebe0,0x000000008a680000)
 Metaspace       used 59069K, committed 60416K, reserved 1114112K
  class space    used 6331K, committed 6912K, reserved 1048576K
}
Event: 61.624 GC heap before
{Heap before GC invocations=386 (full 3):
 PSYoungGen      total 11776K, used 11617K [0x00000000d5580000, 0x00000000d6300000, 0x0000000100000000)
  eden space 10752K, 100% used [0x00000000d5580000,0x00000000d6000000,0x00000000d6000000)
  from space 1024K, 84% used [0x00000000d6200000,0x00000000d62d8578,0x00000000d6300000)
  to   space 1024K, 0% used [0x00000000d6100000,0x00000000d6100000,0x00000000d6200000)
 ParOldGen       total 170496K, used 170234K [0x0000000080000000, 0x000000008a680000, 0x00000000d5580000)
  object space 170496K, 99% used [0x0000000080000000,0x000000008a63ebe0,0x000000008a680000)
 Metaspace       used 59075K, committed 60416K, reserved 1114112K
  class space    used 6331K, committed 6912K, reserved 1048576K
}
Event: 61.630 GC heap after
{Heap after GC invocations=386 (full 3):
 PSYoungGen      total 11776K, used 530K [0x00000000d5580000, 0x00000000d6280000, 0x0000000100000000)
  eden space 10752K, 0% used [0x00000000d5580000,0x00000000d5580000,0x00000000d6000000)
  from space 1024K, 51% used [0x00000000d6100000,0x00000000d6184800,0x00000000d6200000)
  to   space 512K, 0% used [0x00000000d6200000,0x00000000d6200000,0x00000000d6280000)
 ParOldGen       total 171008K, used 170692K [0x0000000080000000, 0x000000008a700000, 0x00000000d5580000)
  object space 171008K, 99% used [0x0000000080000000,0x000000008a6b1300,0x000000008a700000)
 Metaspace       used 59075K, committed 60416K, reserved 1114112K
  class space    used 6331K, committed 6912K, reserved 1048576K
}
Event: 61.641 GC heap before
{Heap before GC invocations=387 (full 3):
 PSYoungGen      total 11776K, used 11282K [0x00000000d5580000, 0x00000000d6280000, 0x0000000100000000)
  eden space 10752K, 100% used [0x00000000d5580000,0x00000000d6000000,0x00000000d6000000)
  from space 1024K, 51% used [0x00000000d6100000,0x00000000d6184800,0x00000000d6200000)
  to   space 512K, 0% used [0x00000000d6200000,0x00000000d6200000,0x00000000d6280000)
 ParOldGen       total 171008K, used 170692K [0x0000000080000000, 0x000000008a700000, 0x00000000d5580000)
  object space 171008K, 99% used [0x0000000080000000,0x000000008a6b1300,0x000000008a700000)
 Metaspace       used 59075K, committed 60416K, reserved 1114112K
  class space    used 6331K, committed 6912K, reserved 1048576K
}
Event: 61.643 GC heap after
{Heap after GC invocations=387 (full 3):
 PSYoungGen      total 11264K, used 375K [0x00000000d5580000, 0x00000000d6280000, 0x0000000100000000)
  eden space 10752K, 0% used [0x00000000d5580000,0x00000000d5580000,0x00000000d6000000)
  from space 512K, 73% used [0x00000000d6200000,0x00000000d625de40,0x00000000d6280000)
  to   space 512K, 0% used [0x00000000d6180000,0x00000000d6180000,0x00000000d6200000)
 ParOldGen       total 171520K, used 171078K [0x0000000080000000, 0x000000008a780000, 0x00000000d5580000)
  object space 171520K, 99% used [0x0000000080000000,0x000000008a711b00,0x000000008a780000)
 Metaspace       used 59075K, committed 60416K, reserved 1114112K
  class space    used 6331K, committed 6912K, reserved 1048576K
}
Event: 61.653 GC heap before
{Heap before GC invocations=388 (full 3):
 PSYoungGen      total 11264K, used 11127K [0x00000000d5580000, 0x00000000d6280000, 0x0000000100000000)
  eden space 10752K, 100% used [0x00000000d5580000,0x00000000d6000000,0x00000000d6000000)
  from space 512K, 73% used [0x00000000d6200000,0x00000000d625de40,0x00000000d6280000)
  to   space 512K, 0% used [0x00000000d6180000,0x00000000d6180000,0x00000000d6200000)
 ParOldGen       total 171520K, used 171078K [0x0000000080000000, 0x000000008a780000, 0x00000000d5580000)
  object space 171520K, 99% used [0x0000000080000000,0x000000008a711b00,0x000000008a780000)
 Metaspace       used 59079K, committed 60416K, reserved 1114112K
  class space    used 6331K, committed 6912K, reserved 1048576K
}
Event: 61.656 GC heap after
{Heap after GC invocations=388 (full 3):
 PSYoungGen      total 11264K, used 352K [0x00000000d5580000, 0x00000000d6280000, 0x0000000100000000)
  eden space 10752K, 0% used [0x00000000d5580000,0x00000000d5580000,0x00000000d6000000)
  from space 512K, 68% used [0x00000000d6180000,0x00000000d61d8000,0x00000000d6200000)
  to   space 512K, 0% used [0x00000000d6200000,0x00000000d6200000,0x00000000d6280000)
 ParOldGen       total 171520K, used 171341K [0x0000000080000000, 0x000000008a780000, 0x00000000d5580000)
  object space 171520K, 99% used [0x0000000080000000,0x000000008a753450,0x000000008a780000)
 Metaspace       used 59079K, committed 60416K, reserved 1114112K
  class space    used 6331K, committed 6912K, reserved 1048576K
}
Event: 61.675 GC heap before
{Heap before GC invocations=389 (full 3):
 PSYoungGen      total 11264K, used 11104K [0x00000000d5580000, 0x00000000d6280000, 0x0000000100000000)
  eden space 10752K, 100% used [0x00000000d5580000,0x00000000d6000000,0x00000000d6000000)
  from space 512K, 68% used [0x00000000d6180000,0x00000000d61d8000,0x00000000d6200000)
  to   space 512K, 0% used [0x00000000d6200000,0x00000000d6200000,0x00000000d6280000)
 ParOldGen       total 171520K, used 171341K [0x0000000080000000, 0x000000008a780000, 0x00000000d5580000)
  object space 171520K, 99% used [0x0000000080000000,0x000000008a753450,0x000000008a780000)
 Metaspace       used 59080K, committed 60416K, reserved 1114112K
  class space    used 6331K, committed 6912K, reserved 1048576K
}
Event: 61.677 GC heap after
{Heap after GC invocations=389 (full 3):
 PSYoungGen      total 11264K, used 320K [0x00000000d5580000, 0x00000000d6280000, 0x0000000100000000)
  eden space 10752K, 0% used [0x00000000d5580000,0x00000000d5580000,0x00000000d6000000)
  from space 512K, 62% used [0x00000000d6200000,0x00000000d6250000,0x00000000d6280000)
  to   space 512K, 0% used [0x00000000d6180000,0x00000000d6180000,0x00000000d6200000)
 ParOldGen       total 172032K, used 171541K [0x0000000080000000, 0x000000008a800000, 0x00000000d5580000)
  object space 172032K, 99% used [0x0000000080000000,0x000000008a785450,0x000000008a800000)
 Metaspace       used 59080K, committed 60416K, reserved 1114112K
  class space    used 6331K, committed 6912K, reserved 1048576K
}
Event: 61.702 GC heap before
{Heap before GC invocations=390 (full 3):
 PSYoungGen      total 11264K, used 11072K [0x00000000d5580000, 0x00000000d6280000, 0x0000000100000000)
  eden space 10752K, 100% used [0x00000000d5580000,0x00000000d6000000,0x00000000d6000000)
  from space 512K, 62% used [0x00000000d6200000,0x00000000d6250000,0x00000000d6280000)
  to   space 512K, 0% used [0x00000000d6180000,0x00000000d6180000,0x00000000d6200000)
 ParOldGen       total 172032K, used 171541K [0x0000000080000000, 0x000000008a800000, 0x00000000d5580000)
  object space 172032K, 99% used [0x0000000080000000,0x000000008a785450,0x000000008a800000)
 Metaspace       used 59080K, committed 60416K, reserved 1114112K
  class space    used 6331K, committed 6912K, reserved 1048576K
}
Event: 61.708 GC heap after
{Heap after GC invocations=390 (full 3):
 PSYoungGen      total 11264K, used 512K [0x00000000d5580000, 0x00000000d6800000, 0x0000000100000000)
  eden space 10752K, 0% used [0x00000000d5580000,0x00000000d5580000,0x00000000d6000000)
  from space 512K, 100% used [0x00000000d6180000,0x00000000d6200000,0x00000000d6200000)
  to   space 4096K, 0% used [0x00000000d6400000,0x00000000d6400000,0x00000000d6800000)
 ParOldGen       total 174592K, used 174181K [0x0000000080000000, 0x000000008aa80000, 0x00000000d5580000)
  object space 174592K, 99% used [0x0000000080000000,0x000000008aa19450,0x000000008aa80000)
 Metaspace       used 59080K, committed 60416K, reserved 1114112K
  class space    used 6331K, committed 6912K, reserved 1048576K
}
Event: 61.748 GC heap before
{Heap before GC invocations=391 (full 3):
 PSYoungGen      total 11264K, used 11264K [0x00000000d5580000, 0x00000000d6800000, 0x0000000100000000)
  eden space 10752K, 100% used [0x00000000d5580000,0x00000000d6000000,0x00000000d6000000)
  from space 512K, 100% used [0x00000000d6180000,0x00000000d6200000,0x00000000d6200000)
  to   space 4096K, 0% used [0x00000000d6400000,0x00000000d6400000,0x00000000d6800000)
 ParOldGen       total 174592K, used 174181K [0x0000000080000000, 0x000000008aa80000, 0x00000000d5580000)
  object space 174592K, 99% used [0x0000000080000000,0x000000008aa19450,0x000000008aa80000)
 Metaspace       used 59080K, committed 60416K, reserved 1114112K
  class space    used 6331K, committed 6912K, reserved 1048576K
}
Event: 61.754 GC heap after
{Heap after GC invocations=391 (full 3):
 PSYoungGen      total 14848K, used 3744K [0x00000000d5580000, 0x00000000d6800000, 0x0000000100000000)
  eden space 10752K, 0% used [0x00000000d5580000,0x00000000d5580000,0x00000000d6000000)
  from space 4096K, 91% used [0x00000000d6400000,0x00000000d67a8040,0x00000000d6800000)
  to   space 4096K, 0% used [0x00000000d6000000,0x00000000d6000000,0x00000000d6400000)
 ParOldGen       total 175104K, used 174661K [0x0000000080000000, 0x000000008ab00000, 0x00000000d5580000)
  object space 175104K, 99% used [0x0000000080000000,0x000000008aa91450,0x000000008ab00000)
 Metaspace       used 59080K, committed 60416K, reserved 1114112K
  class space    used 6331K, committed 6912K, reserved 1048576K
}
Event: 61.783 GC heap before
{Heap before GC invocations=392 (full 3):
 PSYoungGen      total 14848K, used 14496K [0x00000000d5580000, 0x00000000d6800000, 0x0000000100000000)
  eden space 10752K, 100% used [0x00000000d5580000,0x00000000d6000000,0x00000000d6000000)
  from space 4096K, 91% used [0x00000000d6400000,0x00000000d67a8040,0x00000000d6800000)
  to   space 4096K, 0% used [0x00000000d6000000,0x00000000d6000000,0x00000000d6400000)
 ParOldGen       total 175104K, used 174661K [0x0000000080000000, 0x000000008ab00000, 0x00000000d5580000)
  object space 175104K, 99% used [0x0000000080000000,0x000000008aa91450,0x000000008ab00000)
 Metaspace       used 59091K, committed 60416K, reserved 1114112K
  class space    used 6331K, committed 6912K, reserved 1048576K
}
Event: 61.790 GC heap after
{Heap after GC invocations=392 (full 3):
 PSYoungGen      total 14848K, used 4064K [0x00000000d5580000, 0x00000000d7200000, 0x0000000100000000)
  eden space 10752K, 0% used [0x00000000d5580000,0x00000000d5580000,0x00000000d6000000)
  from space 4096K, 99% used [0x00000000d6000000,0x00000000d63f8020,0x00000000d6400000)
  to   space 9216K, 0% used [0x00000000d6900000,0x00000000d6900000,0x00000000d7200000)
 ParOldGen       total 179200K, used 178725K [0x0000000080000000, 0x000000008af00000, 0x00000000d5580000)
  object space 179200K, 99% used [0x0000000080000000,0x000000008ae89490,0x000000008af00000)
 Metaspace       used 59091K, committed 60416K, reserved 1114112K
  class space    used 6331K, committed 6912K, reserved 1048576K
}
Event: 61.807 GC heap before
{Heap before GC invocations=393 (full 3):
 PSYoungGen      total 14848K, used 14816K [0x00000000d5580000, 0x00000000d7200000, 0x0000000100000000)
  eden space 10752K, 100% used [0x00000000d5580000,0x00000000d6000000,0x00000000d6000000)
  from space 4096K, 99% used [0x00000000d6000000,0x00000000d63f8020,0x00000000d6400000)
  to   space 9216K, 0% used [0x00000000d6900000,0x00000000d6900000,0x00000000d7200000)
 ParOldGen       total 179200K, used 178725K [0x0000000080000000, 0x000000008af00000, 0x00000000d5580000)
  object space 179200K, 99% used [0x0000000080000000,0x000000008ae89490,0x000000008af00000)
 Metaspace       used 59093K, committed 60416K, reserved 1114112K
  class space    used 6331K, committed 6912K, reserved 1048576K
}
Event: 61.814 GC heap after
{Heap after GC invocations=393 (full 3):
 PSYoungGen      total 13824K, used 2942K [0x00000000d5580000, 0x00000000d6c00000, 0x0000000100000000)
  eden space 10752K, 0% used [0x00000000d5580000,0x00000000d5580000,0x00000000d6000000)
  from space 3072K, 95% used [0x00000000d6900000,0x00000000d6bdf8d0,0x00000000d6c00000)
  to   space 5120K, 0% used [0x00000000d6200000,0x00000000d6200000,0x00000000d6700000)
 ParOldGen       total 182784K, used 182733K [0x0000000080000000, 0x000000008b280000, 0x00000000d5580000)
  object space 182784K, 99% used [0x0000000080000000,0x000000008b2734b0,0x000000008b280000)
 Metaspace       used 59093K, committed 60416K, reserved 1114112K
  class space    used 6331K, committed 6912K, reserved 1048576K
}

